Determining if the pthread_create exist failed with the following output:
Change Dir: /root/share/AR_Patrol/build/catkin_tools_prebuild/CMakeFiles/CMakeTmp

Run Build Command:"/usr/bin/make" "cmTC_46dfb/fast"
/usr/bin/make -f CMakeFiles/cmTC_46dfb.dir/build.make CMakeFiles/cmTC_46dfb.dir/build
make[1]: Entering directory '/root/share/AR_Patrol/build/catkin_tools_prebuild/CMakeFiles/CMakeTmp'
Building C object CMakeFiles/cmTC_46dfb.dir/CheckSymbolExists.c.o
/usr/bin/cc    -o CMakeFiles/cmTC_46dfb.dir/CheckSymbolExists.c.o   -c /root/share/AR_Patrol/build/catkin_tools_prebuild/CMakeFiles/CMakeTmp/CheckSymbolExists.c
Linking C executable cmTC_46dfb
/usr/bin/cmake -E cmake_link_script CMakeFiles/cmTC_46dfb.dir/link.txt --verbose=1
/usr/bin/cc      -rdynamic CMakeFiles/cmTC_46dfb.dir/CheckSymbolExists.c.o  -o cmTC_46dfb 
CMakeFiles/cmTC_46dfb.dir/CheckSymbolExists.c.o: In function `main':
CheckSymbolExists.c:(.text+0x1b): undefined reference to `pthread_create'
collect2: error: ld returned 1 exit status
CMakeFiles/cmTC_46dfb.dir/build.make:97: recipe for target 'cmTC_46dfb' failed
make[1]: *** [cmTC_46dfb] Error 1
make[1]: Leaving directory '/root/share/AR_Patrol/build/catkin_tools_prebuild/CMakeFiles/CMakeTmp'
Makefile:126: recipe for target 'cmTC_46dfb/fast' failed
make: *** [cmTC_46dfb/fast] Error 2

File /root/share/AR_Patrol/build/catkin_tools_prebuild/CMakeFiles/CMakeTmp/CheckSymbolExists.c:
/* */
#include <pthread.h>

int main(int argc, char** argv)
{
  (void)argv;
#ifndef pthread_create
  return ((int*)(&pthread_create))[argc];
#else
  (void)argc;
  return 0;
#endif
}

Determining if the function pthread_create exists in the pthreads failed with the following output:
Change Dir: /root/share/AR_Patrol/build/catkin_tools_prebuild/CMakeFiles/CMakeTmp

Run Build Command:"/usr/bin/make" "cmTC_e637b/fast"
/usr/bin/make -f CMakeFiles/cmTC_e637b.dir/build.make CMakeFiles/cmTC_e637b.dir/build
make[1]: Entering directory '/root/share/AR_Patrol/build/catkin_tools_prebuild/CMakeFiles/CMakeTmp'
Building C object CMakeFiles/cmTC_e637b.dir/CheckFunctionExists.c.o
/usr/bin/cc   -DCHECK_FUNCTION_EXISTS=pthread_create   -o CMakeFiles/cmTC_e637b.dir/CheckFunctionExists.c.o   -c /usr/share/cmake-3.10/Modules/CheckFunctionExists.c
Linking C executable cmTC_e637b
/usr/bin/cmake -E cmake_link_script CMakeFiles/cmTC_e637b.dir/link.txt --verbose=1
/usr/bin/cc  -DCHECK_FUNCTION_EXISTS=pthread_create    -rdynamic CMakeFiles/cmTC_e637b.dir/CheckFunctionExists.c.o  -o cmTC_e637b -lpthreads 
/usr/bin/ld: cannot find -lpthreads
collect2: error: ld returned 1 exit status
CMakeFiles/cmTC_e637b.dir/build.make:97: recipe for target 'cmTC_e637b' failed
make[1]: *** [cmTC_e637b] Error 1
make[1]: Leaving directory '/root/share/AR_Patrol/build/catkin_tools_prebuild/CMakeFiles/CMakeTmp'
Makefile:126: recipe for target 'cmTC_e637b/fast' failed
make: *** [cmTC_e637b/fast] Error 2


